epoch,accuracy,loss,val_accuracy,val_loss
0,0.51390463,1.2406727108000546,0.45962733,1.5161238458092414
1,0.6198675,0.9588401396421513,0.62443066,0.9326995853311527
2,0.6670299,0.8361228009939672,0.6335404,0.9567746454390926
3,0.7107053,0.7357347113825722,0.67412007,0.801135866637062
4,0.73879784,0.6611564582045373,0.6873706,0.7826140283551029
5,0.7691788,0.5833698106606039,0.6989648,0.8125686565171117
6,0.8026545,0.5025679094494611,0.7109731,0.7631830644410096
7,0.83706737,0.4216783145812341,0.7304348,0.7179936106900991
8,0.8666202,0.34329465149835475,0.74616975,0.7006688552119964
9,0.8970229,0.273074421818925,0.76397514,0.7078241292487514
10,0.9170081,0.21742680449294977,0.75238097,0.7464534326616528
11,0.93531513,0.17386059657553726,0.75817806,0.8126035384509874
12,0.9443379,0.15102867434885495,0.72380954,1.0681114379170025
13,0.95473367,0.12431655650958906,0.78964806,0.7586390186047208
14,0.9644538,0.09984187357158193,0.75031054,0.9020325322082077
15,0.96288466,0.10292363264707152,0.7602484,0.9174432427739998
16,0.96918315,0.08634285625223294,0.79834366,0.774231863712919
17,0.97184205,0.08062941571722762,0.7979296,0.7644181781797429
18,0.9770072,0.06647940646594294,0.76853,1.0290474366697466
19,0.97293174,0.07801242658489928,0.7979296,0.8639411971929404
20,0.97397786,0.07080585330272654,0.7594203,1.0601042068276099
21,0.9789687,0.05876100743690392,0.8033126,0.8513293742639925
22,0.9781841,0.06257995398376254,0.7962733,0.9028693856166263
23,0.9826955,0.04972009785085586,0.81200826,0.8072518704594045
24,0.98132247,0.053743939426680584,0.80124223,0.9113673298995687
25,0.98110455,0.05542487824205304,0.77060044,1.1227747577564564
26,0.982216,0.05007412677869316,0.81449276,0.8404407023149494
27,0.983175,0.04856276213986374,0.7937888,0.9612652575500756
28,0.9833929,0.04833573986875305,0.7610766,1.2558589453282563
29,0.9851582,0.042960595500941015,0.8028985,0.9130694240269948
30,0.9845698,0.04414846770115935,0.7656315,1.1175785660743713
31,0.9848967,0.04422325337577324,0.7917184,0.9480906490707003
32,0.98718506,0.0366025071411061,0.7879917,1.0066710433851365
33,0.9875338,0.037571080571274174,0.74989647,1.1734865870288194
34,0.9847877,0.0452839417165325,0.80124223,0.8750616477883381
35,0.98842734,0.032667834601569544,0.77929604,1.050162443598852
36,0.98768634,0.036479207990078415,0.8376812,0.8078740250866853
37,0.9885363,0.032649387977538316,0.80910975,0.9063783867018563
38,0.9881222,0.035111162379915344,0.83809525,0.8095921058832488
39,0.98938626,0.03106178535467088,0.7780538,1.143087170978017
40,0.9881876,0.033836314363702095,0.81200826,0.8418479798003013
41,0.9891248,0.03122917255031913,0.83022773,0.8061857271391906
42,0.9892773,0.030917471549681143,0.8430642,0.8075945909966099
43,0.98938626,0.030838904078145702,0.82857144,0.8159233673512318
44,0.99012727,0.0286444432841616,0.8389234,0.8159958230289119
45,0.99034524,0.02784817268068924,0.7747412,1.1962869508419471
46,0.9892119,0.030358833287058365,0.83933747,0.8013483438679397
47,0.9897786,0.028893447413099745,0.8269151,0.8622947614879095
48,0.99180543,0.023673971804615074,0.81242234,0.890239277364798
49,0.9909772,0.02485148186065765,0.7246377,1.5391267229064405
50,0.99195796,0.02399190162406672,0.8335404,0.8657528852330478
51,0.9923721,0.02280874788523579,0.8385093,0.7969861188537092
52,0.9898004,0.029037750890362715,0.82194614,0.9311407008773298
53,0.99306947,0.021087687716244283,0.7614907,1.2286996040038194
54,0.9908901,0.02554542616165352,0.8484472,0.7310496932971552
55,0.99402845,0.017351107194788495,0.7879917,1.1150957902272542
56,0.9917836,0.025326343162261972,0.8364389,0.8586182440289799
57,0.9904542,0.027339648151733374,0.7768116,1.128197353498289
58,0.9925028,0.020998148730371535,0.8252588,0.8706298209125211
59,0.99217594,0.023053161524432354,0.7751553,1.1415793291530254
60,0.9925246,0.021129933187245487,0.8331263,0.8798301114058643
61,0.99313486,0.020494423909371805,0.84099376,0.8111135807343398
62,0.9936797,0.018834843390801423,0.84347826,0.8523593653926691
63,0.99365795,0.018743469494014748,0.84223604,0.7990304285695093
64,0.99248105,0.02236288035903543,0.826501,0.9261492671433443
65,0.9958155,0.013199563903720936,0.8347826,0.8559152457284631
66,0.9908683,0.026482713371370353,0.82567286,0.8427192073924694
67,0.9940938,0.017344557102791536,0.82194614,0.9418674685446619
68,0.9941374,0.017721265974105792,0.77225673,1.2414959500295035
69,0.99306947,0.020513925758800917,0.8443064,0.8051538284274115
70,0.99459505,0.01617203560666243,0.75693583,1.3625737019947597
71,0.99533606,0.01411552602490291,0.815735,0.9778582734844452
72,0.99394125,0.018089705815752657,0.8293996,0.8884318157999659
73,0.9925028,0.022628315814917956,0.85507244,0.744356033767479
74,0.99644756,0.010611435869408176,0.85465837,0.7258822751341399
75,0.9953143,0.014356193871728035,0.83561075,0.8726111121799635
76,0.9923067,0.022063002829024167,0.8488613,0.7739715256305956
77,0.9955976,0.01303621098984456,0.68530023,1.9280104984161028
78,0.9953143,0.013723705166053436,0.8115942,1.000535584285886
79,0.9944643,0.01736374464362888,0.85755694,0.775481683151569
80,0.9947258,0.015907695656731627,0.8360248,0.9108201105155312
81,0.99474764,0.014943958192290368,0.82815737,1.0015277730752223
82,0.99385405,0.017522876831729192,0.8484472,0.7382706767283611
83,0.99431175,0.01637265049492681,0.7958592,1.2164411308849328
84,0.9960989,0.011015584641128517,0.7826087,1.254893063955919
85,0.99577194,0.012817659239448616,0.8505176,0.849516040543345
86,0.9943989,0.01744275829621335,0.8372671,0.8738421311783248
87,0.99431175,0.016660886252201607,0.84761906,0.8737050483685843
88,0.99527067,0.015172469789959475,0.8542443,0.8038253403104857
89,0.99660015,0.00938684736186194,0.79668736,1.1478948705438254
90,0.9947258,0.0165348915954965,0.8,1.2646691310479774
91,0.9946387,0.01581096061575611,0.86128366,0.7575406334908605
92,0.9973847,0.007997425932548877,0.84637684,0.8758328248501811
93,0.99400663,0.01719113741596423,0.7925466,1.2138539499377612
94,0.99636036,0.01159666894617459,0.8347826,0.9928634002095177
95,0.9950091,0.014903034975090095,0.83229816,0.9438826967223584
96,0.9960989,0.01230691916760466,0.79668736,1.10547622113988
97,0.99474764,0.01517921989138007,0.7937888,1.2692988533410967
98,0.99673086,0.008489452154041843,0.84347826,0.8751871598186454
99,0.99459505,0.016244848811289146,0.8637681,0.7545612724424643
100,0.9955976,0.012496850309561344,0.8376812,0.8965524174411845
101,0.9957501,0.01225601295347612,0.8567288,0.8152141896340664
102,0.99681807,0.010167732981525061,0.83975154,0.9093093954998513
103,0.9955758,0.012350243962670544,0.86128366,0.8579237148628471
104,0.99568474,0.013639321382355485,0.8538302,0.8258107197210656
105,0.9964694,0.010025545009188805,0.8289855,0.9617795660875845
106,0.9953143,0.013732718695614165,0.8447205,0.8988907653105679
107,0.9953579,0.013621690530796295,0.83229816,0.9178829781510568
108,0.9978424,0.006164372022052491,0.85175985,0.8036814033368113
109,0.99605525,0.012495587726483137,0.84637684,0.9252011542981703
110,0.9947912,0.015723055254251862,0.76645964,1.266338210323089
111,0.99731934,0.008611155911543208,0.87287784,0.7073681926381761
112,0.9984744,0.004746878330684886,0.8505176,0.8676506662714308
113,0.9951617,0.01575227576676014,0.8248447,0.9018888156359733
114,0.99644756,0.01072966965059171,0.82608694,0.9726600135582081
115,0.9973411,0.007822168904182091,0.8248447,1.0404212013288068
116,0.9947694,0.017489857517114668,0.73747414,1.5996610949004906
117,0.9967091,0.010089932888639783,0.82857144,0.9950303385223167
118,0.9958155,0.011678564098606228,0.86542445,0.7447982327044628
119,0.99760264,0.007052301478230139,0.77598345,1.273101015786947
120,0.99725395,0.008818674147443648,0.83561075,0.995483528555797
121,0.9957501,0.012205960029673767,0.8563147,0.8493175931598829
122,0.9974501,0.007995223504048242,0.8530021,0.8387210280998894
123,0.9977988,0.007379590190858245,0.81035197,1.108428903173956
124,0.99614245,0.01125814487664547,0.81283647,1.1843579421132249
125,0.99616426,0.011293136251106686,0.7863354,1.3142669588882732
126,0.99636036,0.010794117005779135,0.8703934,0.769059183311265
127,0.99799496,0.005929983726215251,0.8608696,0.8201932832814645
128,0.9964694,0.010502039591397202,0.83271223,0.956862115020831
129,0.9958155,0.012519254771153555,0.8467909,0.8513771723022618
130,0.9972104,0.008771986147624184,0.84223604,0.9149817852253253
131,0.9973847,0.008168630886391073,0.85341614,0.9144618133580462
132,0.99718857,0.008999426422090055,0.6679089,2.2602280019479757
133,0.9963822,0.009631437097553645,0.8509317,0.8756041562335092
134,0.99642575,0.010457649762816986,0.8033126,1.2808977172735068
135,0.9974501,0.007507732334089568,0.8165631,0.9750954390312574
136,0.9963822,0.010585844310275781,0.8484472,0.9164527566783424
137,0.9983001,0.005385660365743501,0.80496895,1.1482600424353875
138,0.99542326,0.013745379675667697,0.85714287,0.8922305171780952
139,0.99718857,0.008288167608087855,0.87080747,0.7902258914943561
140,0.9978642,0.006102850421123785,0.8331263,1.0486227625398656
141,0.9969924,0.009256003585026379,0.8641822,0.8054939753767373
142,0.9975591,0.008246401581486046,0.8666667,0.8074252382321881
143,0.9966873,0.009270973587293271,0.84803313,0.904422983027393
144,0.9971232,0.0089141363451028,0.7561077,1.5668452555101604
145,0.9969706,0.008936203803287145,0.8703934,0.7704864103601586
146,0.99877954,0.004031385239984547,0.82277435,1.105886649591829
147,0.9969706,0.008922471184736765,0.8621118,0.8101801254487679
148,0.996404,0.010583772709586053,0.8501035,0.922083580469246
149,0.997145,0.008024913690575364,0.8720497,0.7799181479598177
150,0.9981039,0.005670971752252059,0.8484472,0.8615138850843931
151,0.99673086,0.009599686292727855,0.7606625,1.462261256075794
152,0.9963822,0.011188213668422277,0.87246376,0.808982451213813
153,0.9981039,0.006039806214251408,0.8389234,0.9058518807586923
154,0.9971232,0.00868677809417213,0.80082816,1.2645240658065053
155,0.9975155,0.007369843026970802,0.8496894,0.881903810826888
156,0.9974283,0.007988332127722658,0.86873704,0.859680964413637
157,0.9967527,0.009984671612548889,0.8621118,0.8192796934959065
158,0.997145,0.008503033257365199,0.8372671,0.9479193963866303
159,0.9986052,0.004516040355544637,0.84927535,0.892802091365522
160,0.99723214,0.008287114866869739,0.86459625,0.8733537490570273
161,0.9962514,0.011605735652939568,0.87701863,0.7529659589625294
162,0.9981039,0.006746499547083287,0.87080747,0.7540929580573956
163,0.9972975,0.007754718008638919,0.8637681,0.8481717160769872
164,0.9989539,0.0035640425732109764,0.8513458,0.946478161234293
165,0.99694884,0.00996055552693362,0.8554866,0.8997413451133555
166,0.9974283,0.007501425550300439,0.85879916,0.892684989538252
167,0.9979296,0.00567979139117361,0.8637681,0.8610675762405553
168,0.9967091,0.009710772343457843,0.86542445,0.8573597595064784
169,0.99840903,0.004403283756295809,0.86708075,0.8175743977969231
170,0.99945515,0.0018851603687857095,0.8786749,0.7486272679846232
171,0.9963822,0.010131573513340177,0.82194614,1.1369059321302806
172,0.9960989,0.011605921438480694,0.87826085,0.7744470619020007
173,0.99849623,0.004085639007359581,0.84389234,0.9765113393712488
174,0.99843085,0.005060364076105566,0.8530021,0.8765436434104082
175,0.997036,0.009214808033087019,0.86542445,0.7782546286257157
176,0.9971232,0.010108008783113423,0.8844721,0.769695812747592
177,0.99856156,0.004661780021816413,0.83022773,0.8998043761243485
178,0.9977334,0.007306190925511992,0.87536234,0.795378733841282
179,0.9981039,0.006077109716542046,0.84637684,0.8912650010600593
180,0.9980821,0.005975529707829716,0.8650104,0.8128120672628746
181,0.99843085,0.004486122538644942,0.85507244,0.917162127104852
182,0.9977552,0.007214119260601493,0.87287784,0.849280942350194
183,0.997886,0.006020729756160168,0.8277433,1.0879860704236395
184,0.9982129,0.005406033772849343,0.76977223,1.6272448791480212
185,0.9972104,0.008533476362201182,0.8004141,1.306781494494057
186,0.99768984,0.006989505783163217,0.87701863,0.786661722398446
187,0.99825644,0.00533163143014489,0.87080747,0.8788240483582144
188,0.99753726,0.007724686255152402,0.86169773,0.9199700413283354
189,0.99725395,0.008330554870432905,0.85341614,0.8531961286536902
190,0.9978424,0.0064792203289781546,0.8447205,1.0742161623192623
191,0.99753726,0.00717187507124776,0.7602484,1.5180033463622224
192,0.9979296,0.006678382556422204,0.83809525,0.971435953124463
193,0.99836546,0.004726386299892764,0.8600414,0.8170580612206311
194,0.99803853,0.006250264643379097,0.84347826,0.9463754179808417
195,0.9972104,0.009093246869261926,0.8231884,1.1192543496256289
196,0.99864876,0.00433577568410272,0.86459625,0.7918655554453532
197,0.99856156,0.0048792643657755265,0.8277433,1.1069408980955988
198,0.9974937,0.007799578981282704,0.8691511,0.9002710812086892
199,0.9981039,0.00568304160507246,0.8583851,0.9223467541037139
200,0.997777,0.006297020576047072,0.8703934,0.8557766499973479
201,0.9986052,0.004364857609924338,0.8786749,0.8686043156353337
202,0.99760264,0.007836568024622622,0.85879916,0.8611770208701337
203,0.99731934,0.007659502983588801,0.8488613,0.8635450269618143
204,0.99915004,0.0028703522240327334,0.87412006,0.7963761443430346
205,0.997777,0.007146688023335874,0.8695652,0.7739572352627543
206,0.9977334,0.006808993442436343,0.87080747,0.8325462988444737
207,0.9988449,0.003321448778746703,0.82981366,1.1025039892512571
208,0.9984744,0.0042670752339464026,0.88612837,0.7281307178007643
209,0.99806035,0.006210733980004087,0.87287784,0.8184944953237261
210,0.9988885,0.0036976378653320974,0.8347826,1.021783519038009
211,0.9973847,0.008370462076444303,0.8815735,0.8056461318926288
212,0.99856156,0.004156168553925462,0.7763975,1.4616981407129988
213,0.9964694,0.011018159593269423,0.85175985,0.8870512117263446
214,0.9991936,0.002296463419406125,0.85714287,0.8553509617197341
215,0.99812573,0.0067832351329993185,0.82981366,1.1120631506477576
216,0.9972104,0.008153339475401668,0.8857143,0.7701412476367832
217,0.99827826,0.004808347478283715,0.87287784,0.852721733385485
218,0.9986706,0.003991809652663679,0.81283647,1.1835028463268873
219,0.99681807,0.009588068218764047,0.8310559,1.062589052301016
220,0.9985834,0.00398369342147554,0.836853,1.0095209433918908
221,0.99862695,0.004237570151291789,0.8310559,1.0735228789272269
222,0.9978424,0.005907782993200202,0.879089,0.7679581217143847
223,0.99834365,0.005205156542271576,0.784265,1.447505133467925
224,0.99849623,0.00475695006923773,0.8674948,0.9320328883749605
225,0.99806035,0.006132455025739452,0.79544514,1.3197183261500136
226,0.9979513,0.005900604951214353,0.83561075,1.0388884624339039
227,0.99834365,0.0047588590273322205,0.8803313,0.7421680050607053
228,0.99834365,0.004995253421146743,0.8455486,1.0087928029567805
229,0.99843085,0.00477334987542962,0.83975154,1.1427590336365236
230,0.9988449,0.0033704842091922395,0.8691511,0.8422068403867955
231,0.9975155,0.007310120347566752,0.8583851,0.9351056981037369
232,0.9984744,0.005007389165966792,0.8045549,1.2868647583276343
233,0.99869233,0.004256322245904978,0.7884058,1.5386804597965185
234,0.9979513,0.006875400501350408,0.85465837,0.9593869172268032
235,0.9990411,0.002890508328322464,0.8662526,0.9760030459172977
236,0.9982347,0.004916606232585272,0.8828157,0.7918394417989821
237,0.99849623,0.004414738559268635,0.8401656,1.1069946133078503
238,0.99843085,0.004830418382080532,0.8662526,0.916921940057174
239,0.99871415,0.0036190567242075236,0.8372671,1.0129613708511889
240,0.99768984,0.006470346163237695,0.8761905,0.8810979418132616
241,0.99753726,0.007444424991785416,0.87826085,0.8147108020249361
242,0.9988885,0.0032514993317952147,0.86128366,0.8734697862441495
243,0.99840903,0.004996867425045107,0.8691511,0.8762487708164791
244,0.998518,0.004940052794333592,0.8016563,1.2817512570454221
245,0.997886,0.006902076143705467,0.8774327,0.8307163941193811
246,0.9991282,0.0029797969419844477,0.8604555,0.9415043187931211
247,0.9977552,0.006205678882636112,0.8484472,1.0052238130174562
248,0.99901927,0.003266143245313598,0.8799172,0.8298086522528844
249,0.99938977,0.0019374399911515226,0.863354,0.8781923815947389
250,0.99768984,0.00655809023989076,0.84513456,1.0323121427502444
251,0.99834365,0.005294810057349678,0.8604555,0.9579544868281663
252,0.99945515,0.001685056764927021,0.86708075,0.8461551446598756
253,0.9981693,0.00523027459983499,0.8695652,0.8579168620316878
254,0.99906284,0.002908668681707412,0.8844721,0.8077644838556246
255,0.99843085,0.005719356278773989,0.8716356,0.8312258592303495
256,0.99797314,0.0057920545303933365,0.87950313,0.8199220950065439
257,0.9981475,0.005264619770514837,0.84223604,1.0611899893723167
258,0.99871415,0.0040715631716607475,0.86169773,1.0251533380453137
259,0.9981475,0.005172432716744051,0.8699793,0.8693133245590557
260,0.99880135,0.003746152144550226,0.83022773,1.1399479046618222
261,0.99825644,0.005233153797306031,0.85921323,0.852724087855337
262,0.9988885,0.0035828734156539187,0.83933747,1.053932073200218
263,0.9982347,0.006028529332207882,0.88074535,0.8037136736863889
264,0.9993244,0.0026769238307648583,0.85879916,0.9213103523659163
265,0.99869233,0.0038940725094503657,0.86708075,0.9230541452611208
266,0.99812573,0.005441064466114861,0.8484472,0.9734543046595887
267,0.99864876,0.0037496507179754163,0.81325054,1.216224818298782
268,0.9988449,0.003662541077289653,0.82443064,1.1589031380402621
269,0.9982129,0.004598522455375048,0.87246376,0.814553277388863
270,0.99880135,0.003726510810540152,0.8583851,0.933874255431118
271,0.99843085,0.004705896403436461,0.87701863,0.8657317419723447
272,0.99893206,0.0036609294476424715,0.8732919,0.8554022511093266
273,0.99803853,0.005609570075678236,0.87660456,0.8331097969604081
274,0.99827826,0.0050627654332096724,0.84637684,0.9790119951062568
275,0.99893206,0.003527690678548985,0.8641822,0.9161674551835465
276,0.99880135,0.0042047405985303765,0.8372671,1.1065927059507272
277,0.99803853,0.0066731814041355916,0.85590065,0.8906543312112244
278,0.99899745,0.002671135995239517,0.8488613,0.9717201092228386
279,0.9981693,0.005879582012732292,0.84637684,1.0738121678123316
280,0.99917185,0.0026845616373362127,0.87080747,0.850518017970257
281,0.99930257,0.0023621942059231077,0.8716356,0.8312187466808975
282,0.9983001,0.00435654661075297,0.8351967,1.2163411997860263
283,0.9980167,0.005478466204266275,0.87826085,0.9116731712536782
284,0.9974501,0.007470478362196464,0.8799172,0.8444028950132445
285,0.99899745,0.003097395635464911,0.8811594,0.8051459585410962
286,0.9984744,0.003958695210590724,0.8691511,0.8632742747263386
287,0.9988231,0.0039037558343957106,0.88074535,0.8506831202694595
288,0.9992372,0.002364526507554252,0.8674948,0.8986651766127435
289,0.9987577,0.004118551321937745,0.84803313,0.906289902113486
290,0.99834365,0.00597796625699777,0.8674948,0.931109324844234
291,0.9988231,0.003588555294516712,0.8703934,0.8619501723512606
292,0.9994116,0.0017971272941295496,0.87494826,0.8447652986824636
293,0.9976462,0.006489000111575375,0.8331263,1.0701327368833016
294,0.99836546,0.004930486838194001,0.86832297,0.929573735144321
295,0.99834365,0.005221842095130751,0.86293995,0.9187829629975076
296,0.99917185,0.0019436605634800706,0.86542445,0.9731150682915318
297,0.99871415,0.0034534837810404023,0.8289855,1.1791435569956683
298,0.9981475,0.00511973106354329,0.8231884,1.2485927095077547
299,0.9987577,0.003786846471437337,0.8803313,0.8213691937503854
